[junction_report]
id = j1
time = 1
queues = 

[junction_report]
id = j2
time = 1
queues = (d2,green,[])

[junction_report]
id = j3
time = 1
queues = (r2,green,[])

[junction_report]
id = j4
time = 1
queues = (r1,green:1,[]),(d1,red,[])
type = mc

[junction_report]
id = j5
time = 1
queues = (r3,green:3,[]),(l1,red,[]),(d3,red,[])
type = rr

[junction_report]
id = j6
time = 1
queues = (r4,green:2,[]),(l3,red,[])
type = rr

[junction_report]
id = j7
time = 1
queues = (l2,green:1,[]),(d4,red,[])
type = mc

[road_report]
id = r1
time = 1
state = (v3,11),(c3,11)

[road_report]
id = r2
time = 1
state = (b1,3),(b2,3),(c1,3),(c4,3)

[road_report]
id = r3
time = 1
state = 

[road_report]
id = r4
time = 1
state = 

[road_report]
id = l1
time = 1
state = (b4,11)
type = lanes

[road_report]
id = l2
time = 1
state = 
type = lanes

[road_report]
id = l3
time = 1
state = 
type = lanes

[road_report]
id = d1
time = 1
state = (v4,10),(c2,10),(b3,9),(v2,7)
type = dirt

[road_report]
id = d2
time = 1
state = (v1,15)
type = dirt

[road_report]
id = d3
time = 1
state = 
type = dirt

[road_report]
id = d4
time = 1
state = 
type = dirt

[vehicle_report]
id = v1
time = 1
speed = 15
kilometrage = 15
faulty = 0
location = (d2,15)

[vehicle_report]
id = v2
time = 1
speed = 7
kilometrage = 7
faulty = 0
location = (d1,7)

[vehicle_report]
id = v3
time = 1
speed = 11
kilometrage = 11
faulty = 0
location = (r1,11)

[vehicle_report]
id = v4
time = 1
speed = 10
kilometrage = 10
faulty = 0
location = (d1,10)

[vehicle_report]
id = b1
time = 1
speed = 3
kilometrage = 3
faulty = 0
location = (r2,3)
type = bike

[vehicle_report]
id = b2
time = 1
speed = 3
kilometrage = 3
faulty = 0
location = (r2,3)
type = bike

[vehicle_report]
id = b3
time = 1
speed = 9
kilometrage = 9
faulty = 0
location = (d1,9)
type = bike

[vehicle_report]
id = b4
time = 1
speed = 11
kilometrage = 11
faulty = 0
location = (l1,11)
type = bike

[vehicle_report]
id = c1
time = 1
speed = 3
kilometrage = 3
faulty = 0
location = (r2,3)
type = car

[vehicle_report]
id = c2
time = 1
speed = 10
kilometrage = 10
faulty = 0
location = (d1,10)
type = car

[vehicle_report]
id = c3
time = 1
speed = 11
kilometrage = 11
faulty = 0
location = (r1,11)
type = car

[vehicle_report]
id = c4
time = 1
speed = 3
kilometrage = 3
faulty = 0
location = (r2,3)
type = car

[junction_report]
id = j1
time = 2
queues = 

[junction_report]
id = j2
time = 2
queues = (d2,green,[])

[junction_report]
id = j3
time = 2
queues = (r2,green,[])

[junction_report]
id = j4
time = 2
queues = (r1,red,[]),(d1,green:1,[v4,c2])
type = mc

[junction_report]
id = j5
time = 2
queues = (r3,green:2,[]),(l1,red,[]),(d3,red,[])
type = rr

[junction_report]
id = j6
time = 2
queues = (r4,green:1,[]),(l3,red,[])
type = rr

[junction_report]
id = j7
time = 2
queues = (l2,red,[]),(d4,green:1,[])
type = mc

[road_report]
id = r1
time = 2
state = (v3,22),(c3,22)

[road_report]
id = r2
time = 2
state = (b1,6),(b2,6),(c1,6),(c4,6),(v1,0)

[road_report]
id = r3
time = 2
state = 

[road_report]
id = r4
time = 2
state = 

[road_report]
id = l1
time = 2
state = (b4,22)
type = lanes

[road_report]
id = l2
time = 2
state = 
type = lanes

[road_report]
id = l3
time = 2
state = 
type = lanes

[road_report]
id = d1
time = 2
state = (v4,20),(c2,20),(b3,18),(v2,14)
type = dirt

[road_report]
id = d2
time = 2
state = 
type = dirt

[road_report]
id = d3
time = 2
state = 
type = dirt

[road_report]
id = d4
time = 2
state = 
type = dirt

[vehicle_report]
id = v1
time = 2
speed = 0
kilometrage = 25
faulty = 0
location = (r2,0)

[vehicle_report]
id = v2
time = 2
speed = 7
kilometrage = 14
faulty = 0
location = (d1,14)

[vehicle_report]
id = v3
time = 2
speed = 11
kilometrage = 22
faulty = 0
location = (r1,22)

[vehicle_report]
id = v4
time = 2
speed = 0
kilometrage = 20
faulty = 0
location = (d1,20)

[vehicle_report]
id = b1
time = 2
speed = 3
kilometrage = 6
faulty = 0
location = (r2,6)
type = bike

[vehicle_report]
id = b2
time = 2
speed = 3
kilometrage = 6
faulty = 0
location = (r2,6)
type = bike

[vehicle_report]
id = b3
time = 2
speed = 9
kilometrage = 18
faulty = 0
location = (d1,18)
type = bike

[vehicle_report]
id = b4
time = 2
speed = 11
kilometrage = 22
faulty = 0
location = (l1,22)
type = bike

[vehicle_report]
id = c1
time = 2
speed = 3
kilometrage = 6
faulty = 0
location = (r2,6)
type = car

[vehicle_report]
id = c2
time = 2
speed = 0
kilometrage = 20
faulty = 0
location = (d1,20)
type = car

[vehicle_report]
id = c3
time = 2
speed = 11
kilometrage = 22
faulty = 0
location = (r1,22)
type = car

[vehicle_report]
id = c4
time = 2
speed = 3
kilometrage = 6
faulty = 0
location = (r2,6)
type = car

[junction_report]
id = j1
time = 3
queues = 

[junction_report]
id = j2
time = 3
queues = (d2,green,[])

[junction_report]
id = j3
time = 3
queues = (r2,green,[])

[junction_report]
id = j4
time = 3
queues = (r1,green:1,[]),(d1,red,[c2,b3,v2])
type = mc

[junction_report]
id = j5
time = 3
queues = (r3,green:1,[]),(l1,red,[]),(d3,red,[])
type = rr

[junction_report]
id = j6
time = 3
queues = (r4,red,[]),(l3,green:2,[])
type = rr

[junction_report]
id = j7
time = 3
queues = (l2,green:1,[]),(d4,red,[])
type = mc

[road_report]
id = r1
time = 3
state = (v3,33),(c3,33)

[road_report]
id = r2
time = 3
state = (b1,9),(b2,9),(c1,9),(c4,9),(v1,3)

[road_report]
id = r3
time = 3
state = (v4,0)

[road_report]
id = r4
time = 3
state = 

[road_report]
id = l1
time = 3
state = (b4,33)
type = lanes

[road_report]
id = l2
time = 3
state = 
type = lanes

[road_report]
id = l3
time = 3
state = 
type = lanes

[road_report]
id = d1
time = 3
state = (c2,20),(b3,20),(v2,20)
type = dirt

[road_report]
id = d2
time = 3
state = 
type = dirt

[road_report]
id = d3
time = 3
state = 
type = dirt

[road_report]
id = d4
time = 3
state = 
type = dirt

[vehicle_report]
id = v1
time = 3
speed = 3
kilometrage = 28
faulty = 0
location = (r2,3)

[vehicle_report]
id = v2
time = 3
speed = 0
kilometrage = 20
faulty = 0
location = (d1,20)

[vehicle_report]
id = v3
time = 3
speed = 11
kilometrage = 33
faulty = 0
location = (r1,33)

[vehicle_report]
id = v4
time = 3
speed = 0
kilometrage = 20
faulty = 0
location = (r3,0)

[vehicle_report]
id = b1
time = 3
speed = 3
kilometrage = 9
faulty = 0
location = (r2,9)
type = bike

[vehicle_report]
id = b2
time = 3
speed = 3
kilometrage = 9
faulty = 0
location = (r2,9)
type = bike

[vehicle_report]
id = b3
time = 3
speed = 0
kilometrage = 20
faulty = 0
location = (d1,20)
type = bike

[vehicle_report]
id = b4
time = 3
speed = 11
kilometrage = 33
faulty = 0
location = (l1,33)
type = bike

[vehicle_report]
id = c1
time = 3
speed = 3
kilometrage = 9
faulty = 0
location = (r2,9)
type = car

[vehicle_report]
id = c2
time = 3
speed = 0
kilometrage = 20
faulty = 0
location = (d1,20)
type = car

[vehicle_report]
id = c3
time = 3
speed = 11
kilometrage = 33
faulty = 0
location = (r1,33)
type = car

[vehicle_report]
id = c4
time = 3
speed = 3
kilometrage = 9
faulty = 0
location = (r2,9)
type = car

[junction_report]
id = j1
time = 4
queues = 

[junction_report]
id = j2
time = 4
queues = (d2,green,[])

[junction_report]
id = j3
time = 4
queues = (r2,green,[])

[junction_report]
id = j4
time = 4
queues = (r1,red,[]),(d1,green:1,[c2,b3,v2])
type = mc

[junction_report]
id = j5
time = 4
queues = (r3,red,[]),(l1,green:3,[]),(d3,red,[])
type = rr

[junction_report]
id = j6
time = 4
queues = (r4,red,[]),(l3,green:1,[])
type = rr

[junction_report]
id = j7
time = 4
queues = (l2,red,[]),(d4,green:1,[])
type = mc

[road_report]
id = r1
time = 4
state = (v3,44),(c3,44)

[road_report]
id = r2
time = 4
state = (b1,12),(b2,12),(c1,12),(c4,12),(v1,3)

[road_report]
id = r3
time = 4
state = (v4,15)

[road_report]
id = r4
time = 4
state = 

[road_report]
id = l1
time = 4
state = (b4,44)
type = lanes

[road_report]
id = l2
time = 4
state = 
type = lanes

[road_report]
id = l3
time = 4
state = 
type = lanes

[road_report]
id = d1
time = 4
state = (c2,20),(b3,20),(v2,20)
type = dirt

[road_report]
id = d2
time = 4
state = 
type = dirt

[road_report]
id = d3
time = 4
state = 
type = dirt

[road_report]
id = d4
time = 4
state = 
type = dirt

[vehicle_report]
id = v1
time = 4
speed = 0
kilometrage = 28
faulty = 1
location = (r2,3)

[vehicle_report]
id = v2
time = 4
speed = 0
kilometrage = 20
faulty = 1
location = (d1,20)

[vehicle_report]
id = v3
time = 4
speed = 11
kilometrage = 44
faulty = 0
location = (r1,44)

[vehicle_report]
id = v4
time = 4
speed = 15
kilometrage = 35
faulty = 0
location = (r3,15)

[vehicle_report]
id = b1
time = 4
speed = 3
kilometrage = 12
faulty = 0
location = (r2,12)
type = bike

[vehicle_report]
id = b2
time = 4
speed = 3
kilometrage = 12
faulty = 0
location = (r2,12)
type = bike

[vehicle_report]
id = b3
time = 4
speed = 0
kilometrage = 20
faulty = 0
location = (d1,20)
type = bike

[vehicle_report]
id = b4
time = 4
speed = 11
kilometrage = 44
faulty = 0
location = (l1,44)
type = bike

[vehicle_report]
id = c1
time = 4
speed = 3
kilometrage = 12
faulty = 0
location = (r2,12)
type = car

[vehicle_report]
id = c2
time = 4
speed = 0
kilometrage = 20
faulty = 0
location = (d1,20)
type = car

[vehicle_report]
id = c3
time = 4
speed = 11
kilometrage = 44
faulty = 0
location = (r1,44)
type = car

[vehicle_report]
id = c4
time = 4
speed = 3
kilometrage = 12
faulty = 0
location = (r2,12)
type = car

[junction_report]
id = j1
time = 5
queues = 

[junction_report]
id = j2
time = 5
queues = (d2,green,[])

[junction_report]
id = j3
time = 5
queues = (r2,green,[])

[junction_report]
id = j4
time = 5
queues = (r1,green:1,[]),(d1,red,[b3,v2])
type = mc

[junction_report]
id = j5
time = 5
queues = (r3,red,[]),(l1,green:2,[]),(d3,red,[])
type = rr

[junction_report]
id = j6
time = 5
queues = (r4,green:2,[]),(l3,red,[])
type = rr

[junction_report]
id = j7
time = 5
queues = (l2,green:1,[]),(d4,red,[])
type = mc

[road_report]
id = r1
time = 5
state = (v3,55),(c3,44)

[road_report]
id = r2
time = 5
state = (b1,15),(b2,15),(c1,15),(c4,15),(v1,3)

[road_report]
id = r3
time = 5
state = (v4,30)

[road_report]
id = r4
time = 5
state = 

[road_report]
id = l1
time = 5
state = (b4,55)
type = lanes

[road_report]
id = l2
time = 5
state = 
type = lanes

[road_report]
id = l3
time = 5
state = (c2,0)
type = lanes

[road_report]
id = d1
time = 5
state = (b3,20),(v2,20)
type = dirt

[road_report]
id = d2
time = 5
state = 
type = dirt

[road_report]
id = d3
time = 5
state = 
type = dirt

[road_report]
id = d4
time = 5
state = 
type = dirt

[vehicle_report]
id = v1
time = 5
speed = 0
kilometrage = 28
faulty = 0
location = (r2,3)

[vehicle_report]
id = v2
time = 5
speed = 0
kilometrage = 20
faulty = 0
location = (d1,20)

[vehicle_report]
id = v3
time = 5
speed = 11
kilometrage = 55
faulty = 0
location = (r1,55)

[vehicle_report]
id = v4
time = 5
speed = 15
kilometrage = 50
faulty = 0
location = (r3,30)

[vehicle_report]
id = b1
time = 5
speed = 3
kilometrage = 15
faulty = 0
location = (r2,15)
type = bike

[vehicle_report]
id = b2
time = 5
speed = 3
kilometrage = 15
faulty = 0
location = (r2,15)
type = bike

[vehicle_report]
id = b3
time = 5
speed = 0
kilometrage = 20
faulty = 0
location = (d1,20)
type = bike

[vehicle_report]
id = b4
time = 5
speed = 11
kilometrage = 55
faulty = 0
location = (l1,55)
type = bike

[vehicle_report]
id = c1
time = 5
speed = 3
kilometrage = 15
faulty = 0
location = (r2,15)
type = car

[vehicle_report]
id = c2
time = 5
speed = 0
kilometrage = 20
faulty = 0
location = (l3,0)
type = car

[vehicle_report]
id = c3
time = 5
speed = 0
kilometrage = 44
faulty = 0
location = (r1,44)
type = car

[vehicle_report]
id = c4
time = 5
speed = 3
kilometrage = 15
faulty = 0
location = (r2,15)
type = car

[junction_report]
id = j1
time = 6
queues = 

[junction_report]
id = j2
time = 6
queues = (d2,green,[])

[junction_report]
id = j3
time = 6
queues = (r2,green,[])

[junction_report]
id = j4
time = 6
queues = (r1,red,[]),(d1,green:1,[b3,v2])
type = mc

[junction_report]
id = j5
time = 6
queues = (r3,red,[]),(l1,green:1,[]),(d3,red,[])
type = rr

[junction_report]
id = j6
time = 6
queues = (r4,green:1,[]),(l3,red,[])
type = rr

[junction_report]
id = j7
time = 6
queues = (l2,red,[]),(d4,green:1,[])
type = mc

[road_report]
id = r1
time = 6
state = (v3,66),(c3,44)

[road_report]
id = r2
time = 6
state = (b2,16),(c4,16),(b1,15),(c1,15),(v1,4)

[road_report]
id = r3
time = 6
state = (v4,45)

[road_report]
id = r4
time = 6
state = 

[road_report]
id = l1
time = 6
state = (b4,66)
type = lanes

[road_report]
id = l2
time = 6
state = 
type = lanes

[road_report]
id = l3
time = 6
state = (c2,12)
type = lanes

[road_report]
id = d1
time = 6
state = (b3,20),(v2,20)
type = dirt

[road_report]
id = d2
time = 6
state = 
type = dirt

[road_report]
id = d3
time = 6
state = 
type = dirt

[road_report]
id = d4
time = 6
state = 
type = dirt

[vehicle_report]
id = v1
time = 6
speed = 1
kilometrage = 29
faulty = 0
location = (r2,4)

[vehicle_report]
id = v2
time = 6
speed = 0
kilometrage = 20
faulty = 0
location = (d1,20)

[vehicle_report]
id = v3
time = 6
speed = 11
kilometrage = 66
faulty = 0
location = (r1,66)

[vehicle_report]
id = v4
time = 6
speed = 15
kilometrage = 65
faulty = 0
location = (r3,45)

[vehicle_report]
id = b1
time = 6
speed = 0
kilometrage = 15
faulty = 1
location = (r2,15)
type = bike

[vehicle_report]
id = b2
time = 6
speed = 1
kilometrage = 16
faulty = 0
location = (r2,16)
type = bike

[vehicle_report]
id = b3
time = 6
speed = 0
kilometrage = 20
faulty = 0
location = (d1,20)
type = bike

[vehicle_report]
id = b4
time = 6
speed = 11
kilometrage = 66
faulty = 0
location = (l1,66)
type = bike

[vehicle_report]
id = c1
time = 6
speed = 0
kilometrage = 15
faulty = 1
location = (r2,15)
type = car

[vehicle_report]
id = c2
time = 6
speed = 12
kilometrage = 32
faulty = 0
location = (l3,12)
type = car

[vehicle_report]
id = c3
time = 6
speed = 0
kilometrage = 44
faulty = 1
location = (r1,44)
type = car

[vehicle_report]
id = c4
time = 6
speed = 1
kilometrage = 16
faulty = 0
location = (r2,16)
type = car

[junction_report]
id = j1
time = 7
queues = 

[junction_report]
id = j2
time = 7
queues = (d2,green,[])

[junction_report]
id = j3
time = 7
queues = (r2,green,[])

[junction_report]
id = j4
time = 7
queues = (r1,green:1,[]),(d1,red,[v2])
type = mc

[junction_report]
id = j5
time = 7
queues = (r3,red,[v4]),(l1,red,[]),(d3,green:3,[])
type = rr

[junction_report]
id = j6
time = 7
queues = (r4,red,[]),(l3,green:2,[])
type = rr

[junction_report]
id = j7
time = 7
queues = (l2,green:1,[]),(d4,red,[])
type = mc

[road_report]
id = r1
time = 7
state = (v3,77),(c3,44)

[road_report]
id = r2
time = 7
state = (b2,19),(c4,19),(b1,15),(c1,15),(v1,5)

[road_report]
id = r3
time = 7
state = (v4,60)

[road_report]
id = r4
time = 7
state = 

[road_report]
id = l1
time = 7
state = (b4,77)
type = lanes

[road_report]
id = l2
time = 7
state = 
type = lanes

[road_report]
id = l3
time = 7
state = (c2,24),(b3,0)
type = lanes

[road_report]
id = d1
time = 7
state = (v2,20)
type = dirt

[road_report]
id = d2
time = 7
state = 
type = dirt

[road_report]
id = d3
time = 7
state = 
type = dirt

[road_report]
id = d4
time = 7
state = 
type = dirt

[vehicle_report]
id = v1
time = 7
speed = 1
kilometrage = 30
faulty = 0
location = (r2,5)

[vehicle_report]
id = v2
time = 7
speed = 0
kilometrage = 20
faulty = 0
location = (d1,20)

[vehicle_report]
id = v3
time = 7
speed = 11
kilometrage = 77
faulty = 0
location = (r1,77)

[vehicle_report]
id = v4
time = 7
speed = 0
kilometrage = 80
faulty = 0
location = (r3,60)

[vehicle_report]
id = b1
time = 7
speed = 0
kilometrage = 15
faulty = 0
location = (r2,15)
type = bike

[vehicle_report]
id = b2
time = 7
speed = 3
kilometrage = 19
faulty = 0
location = (r2,19)
type = bike

[vehicle_report]
id = b3
time = 7
speed = 0
kilometrage = 20
faulty = 0
location = (l3,0)
type = bike

[vehicle_report]
id = b4
time = 7
speed = 11
kilometrage = 77
faulty = 0
location = (l1,77)
type = bike

[vehicle_report]
id = c1
time = 7
speed = 0
kilometrage = 15
faulty = 0
location = (r2,15)
type = car

[vehicle_report]
id = c2
time = 7
speed = 12
kilometrage = 44
faulty = 0
location = (l3,24)
type = car

[vehicle_report]
id = c3
time = 7
speed = 0
kilometrage = 44
faulty = 0
location = (r1,44)
type = car

[vehicle_report]
id = c4
time = 7
speed = 3
kilometrage = 19
faulty = 0
location = (r2,19)
type = car

[junction_report]
id = j1
time = 8
queues = 

[junction_report]
id = j2
time = 8
queues = (d2,green,[])

[junction_report]
id = j3
time = 8
queues = (r2,green,[])

[junction_report]
id = j4
time = 8
queues = (r1,red,[]),(d1,green:1,[v2])
type = mc

[junction_report]
id = j5
time = 8
queues = (r3,red,[v4]),(l1,red,[]),(d3,green:2,[])
type = rr

[junction_report]
id = j6
time = 8
queues = (r4,red,[]),(l3,green:1,[])
type = rr

[junction_report]
id = j7
time = 8
queues = (l2,red,[]),(d4,green:1,[])
type = mc

[road_report]
id = r1
time = 8
state = (v3,88),(c3,55)

[road_report]
id = r2
time = 8
state = (b2,22),(c4,22),(b1,18),(c1,18),(v1,5)

[road_report]
id = r3
time = 8
state = (v4,60)

[road_report]
id = r4
time = 8
state = 

[road_report]
id = l1
time = 8
state = (b4,88)
type = lanes

[road_report]
id = l2
time = 8
state = 
type = lanes

[road_report]
id = l3
time = 8
state = (c2,36),(b3,9)
type = lanes

[road_report]
id = d1
time = 8
state = (v2,20)
type = dirt

[road_report]
id = d2
time = 8
state = 
type = dirt

[road_report]
id = d3
time = 8
state = 
type = dirt

[road_report]
id = d4
time = 8
state = 
type = dirt

[vehicle_report]
id = v1
time = 8
speed = 0
kilometrage = 30
faulty = 2
location = (r2,5)

[vehicle_report]
id = v2
time = 8
speed = 0
kilometrage = 20
faulty = 0
location = (d1,20)

[vehicle_report]
id = v3
time = 8
speed = 11
kilometrage = 88
faulty = 0
location = (r1,88)

[vehicle_report]
id = v4
time = 8
speed = 0
kilometrage = 80
faulty = 2
location = (r3,60)

[vehicle_report]
id = b1
time = 8
speed = 3
kilometrage = 18
faulty = 0
location = (r2,18)
type = bike

[vehicle_report]
id = b2
time = 8
speed = 3
kilometrage = 22
faulty = 0
location = (r2,22)
type = bike

[vehicle_report]
id = b3
time = 8
speed = 9
kilometrage = 29
faulty = 0
location = (l3,9)
type = bike

[vehicle_report]
id = b4
time = 8
speed = 11
kilometrage = 88
faulty = 0
location = (l1,88)
type = bike

[vehicle_report]
id = c1
time = 8
speed = 3
kilometrage = 18
faulty = 0
location = (r2,18)
type = car

[vehicle_report]
id = c2
time = 8
speed = 12
kilometrage = 56
faulty = 0
location = (l3,36)
type = car

[vehicle_report]
id = c3
time = 8
speed = 11
kilometrage = 55
faulty = 0
location = (r1,55)
type = car

[vehicle_report]
id = c4
time = 8
speed = 3
kilometrage = 22
faulty = 0
location = (r2,22)
type = car

[junction_report]
id = j1
time = 9
queues = 

[junction_report]
id = j2
time = 9
queues = (d2,green,[])

[junction_report]
id = j3
time = 9
queues = (r2,green,[])

[junction_report]
id = j4
time = 9
queues = (r1,green:1,[]),(d1,red,[])
type = mc

[junction_report]
id = j5
time = 9
queues = (r3,red,[v4]),(l1,red,[b4]),(d3,green:1,[])
type = rr

[junction_report]
id = j6
time = 9
queues = (r4,green:2,[]),(l3,red,[])
type = rr

[junction_report]
id = j7
time = 9
queues = (l2,green:1,[]),(d4,red,[])
type = mc

[road_report]
id = r1
time = 9
state = (v3,99),(c3,66)

[road_report]
id = r2
time = 9
state = (b2,25),(c4,25),(b1,21),(c1,21),(v1,5)

[road_report]
id = r3
time = 9
state = (v4,60)

[road_report]
id = r4
time = 9
state = 

[road_report]
id = l1
time = 9
state = (b4,95)
type = lanes

[road_report]
id = l2
time = 9
state = 
type = lanes

[road_report]
id = l3
time = 9
state = (c2,48),(b3,18),(v2,0)
type = lanes

[road_report]
id = d1
time = 9
state = 
type = dirt

[road_report]
id = d2
time = 9
state = 
type = dirt

[road_report]
id = d3
time = 9
state = 
type = dirt

[road_report]
id = d4
time = 9
state = 
type = dirt

[vehicle_report]
id = v1
time = 9
speed = 0
kilometrage = 30
faulty = 1
location = (r2,5)

[vehicle_report]
id = v2
time = 9
speed = 0
kilometrage = 20
faulty = 0
location = (l3,0)

[vehicle_report]
id = v3
time = 9
speed = 11
kilometrage = 99
faulty = 0
location = (r1,99)

[vehicle_report]
id = v4
time = 9
speed = 0
kilometrage = 80
faulty = 1
location = (r3,60)

[vehicle_report]
id = b1
time = 9
speed = 3
kilometrage = 21
faulty = 0
location = (r2,21)
type = bike

[vehicle_report]
id = b2
time = 9
speed = 3
kilometrage = 25
faulty = 0
location = (r2,25)
type = bike

[vehicle_report]
id = b3
time = 9
speed = 9
kilometrage = 38
faulty = 0
location = (l3,18)
type = bike

[vehicle_report]
id = b4
time = 9
speed = 0
kilometrage = 95
faulty = 0
location = (l1,95)
type = bike

[vehicle_report]
id = c1
time = 9
speed = 3
kilometrage = 21
faulty = 0
location = (r2,21)
type = car

[vehicle_report]
id = c2
time = 9
speed = 12
kilometrage = 68
faulty = 0
location = (l3,48)
type = car

[vehicle_report]
id = c3
time = 9
speed = 11
kilometrage = 66
faulty = 0
location = (r1,66)
type = car

[vehicle_report]
id = c4
time = 9
speed = 3
kilometrage = 25
faulty = 0
location = (r2,25)
type = car

[junction_report]
id = j1
time = 10
queues = 

[junction_report]
id = j2
time = 10
queues = (d2,green,[])

[junction_report]
id = j3
time = 10
queues = (r2,green,[])

[junction_report]
id = j4
time = 10
queues = (r1,red,[]),(d1,green:1,[])
type = mc

[junction_report]
id = j5
time = 10
queues = (r3,green:2,[v4]),(l1,red,[b4]),(d3,red,[])
type = rr

[junction_report]
id = j6
time = 10
queues = (r4,green:1,[]),(l3,red,[])
type = rr

[junction_report]
id = j7
time = 10
queues = (l2,red,[]),(d4,green:1,[])
type = mc

[road_report]
id = r1
time = 10
state = (c3,77)

[road_report]
id = r2
time = 10
state = (b2,28),(c4,28),(b1,24),(c1,24),(v1,5)

[road_report]
id = r3
time = 10
state = (v4,60)

[road_report]
id = r4
time = 10
state = 

[road_report]
id = l1
time = 10
state = (b4,95)
type = lanes

[road_report]
id = l2
time = 10
state = 
type = lanes

[road_report]
id = l3
time = 10
state = (c2,57),(b3,27),(v2,7),(v3,0)
type = lanes

[road_report]
id = d1
time = 10
state = 
type = dirt

[road_report]
id = d2
time = 10
state = 
type = dirt

[road_report]
id = d3
time = 10
state = 
type = dirt

[road_report]
id = d4
time = 10
state = 
type = dirt

[vehicle_report]
id = v1
time = 10
speed = 0
kilometrage = 30
faulty = 0
location = (r2,5)

[vehicle_report]
id = v2
time = 10
speed = 7
kilometrage = 27
faulty = 0
location = (l3,7)

[vehicle_report]
id = v3
time = 10
speed = 0
kilometrage = 100
faulty = 0
location = (l3,0)

[vehicle_report]
id = v4
time = 10
speed = 0
kilometrage = 80
faulty = 0
location = (r3,60)

[vehicle_report]
id = b1
time = 10
speed = 3
kilometrage = 24
faulty = 0
location = (r2,24)
type = bike

[vehicle_report]
id = b2
time = 10
speed = 3
kilometrage = 28
faulty = 0
location = (r2,28)
type = bike

[vehicle_report]
id = b3
time = 10
speed = 9
kilometrage = 47
faulty = 0
location = (l3,27)
type = bike

[vehicle_report]
id = b4
time = 10
speed = 0
kilometrage = 95
faulty = 0
location = (l1,95)
type = bike

[vehicle_report]
id = c1
time = 10
speed = 3
kilometrage = 24
faulty = 0
location = (r2,24)
type = car

[vehicle_report]
id = c2
time = 10
speed = 9
kilometrage = 77
faulty = 0
location = (l3,57)
type = car

[vehicle_report]
id = c3
time = 10
speed = 11
kilometrage = 77
faulty = 0
location = (r1,77)
type = car

[vehicle_report]
id = c4
time = 10
speed = 3
kilometrage = 28
faulty = 0
location = (r2,28)
type = car

