[junction_report]
id = j1
time = 1
queues = (r1,green,[]),(r8,red,[])

[junction_report]
id = j2
time = 1
queues = (r3,green:2,[])
type = rr

[junction_report]
id = j3
time = 1
queues = (r2,green:5,[]),(r6,red,[])
type = rr

[junction_report]
id = j4
time = 1
queues = (r4,green,[])

[junction_report]
id = j5
time = 1
queues = (r5,green,[])

[junction_report]
id = j6
time = 1
queues = (r7,green:3,[])
type = rr

[road_report]
id = r1
time = 1
state = 
type = dirt

[road_report]
id = r2
time = 1
state = (v1,21),(v4,21),(v5,21),(v7,21),(v2,20)
type = lanes

[road_report]
id = r3
time = 1
state = (v6,25)
type = lanes

[road_report]
id = r4
time = 1
state = 

[road_report]
id = r5
time = 1
state = 

[road_report]
id = r6
time = 1
state = 

[road_report]
id = r7
time = 1
state = 
type = dirt

[road_report]
id = r8
time = 1
state = 
type = lanes

[vehicle_report]
id = v1
time = 1
speed = 21
kilometrage = 21
faulty = 0
location = (r2,21)

[vehicle_report]
id = v2
time = 1
speed = 20
kilometrage = 20
faulty = 0
location = (r2,20)
type = bike

[vehicle_report]
id = v4
time = 1
speed = 21
kilometrage = 21
faulty = 0
location = (r2,21)
type = car

[vehicle_report]
id = v5
time = 1
speed = 21
kilometrage = 21
faulty = 0
location = (r2,21)
type = car

[vehicle_report]
id = v6
time = 1
speed = 25
kilometrage = 25
faulty = 0
location = (r3,25)
type = bike

[vehicle_report]
id = v7
time = 1
speed = 21
kilometrage = 21
faulty = 0
location = (r2,21)
type = bike

[junction_report]
id = j1
time = 2
queues = (r1,red,[]),(r8,green,[])

[junction_report]
id = j2
time = 2
queues = (r3,green:1,[])
type = rr

[junction_report]
id = j3
time = 2
queues = (r2,green:4,[]),(r6,red,[])
type = rr

[junction_report]
id = j4
time = 2
queues = (r4,green,[])

[junction_report]
id = j5
time = 2
queues = (r5,green,[])

[junction_report]
id = j6
time = 2
queues = (r7,green:2,[])
type = rr

[road_report]
id = r1
time = 2
state = 
type = dirt

[road_report]
id = r2
time = 2
state = (v1,42),(v5,42),(v7,42),(v2,40),(v4,21)
type = lanes

[road_report]
id = r3
time = 2
state = (v6,50)
type = lanes

[road_report]
id = r4
time = 2
state = 

[road_report]
id = r5
time = 2
state = 

[road_report]
id = r6
time = 2
state = 

[road_report]
id = r7
time = 2
state = 
type = dirt

[road_report]
id = r8
time = 2
state = 
type = lanes

[vehicle_report]
id = v1
time = 2
speed = 21
kilometrage = 42
faulty = 0
location = (r2,42)

[vehicle_report]
id = v2
time = 2
speed = 20
kilometrage = 40
faulty = 0
location = (r2,40)
type = bike

[vehicle_report]
id = v4
time = 2
speed = 0
kilometrage = 21
faulty = 2
location = (r2,21)
type = car

[vehicle_report]
id = v5
time = 2
speed = 21
kilometrage = 42
faulty = 0
location = (r2,42)
type = car

[vehicle_report]
id = v6
time = 2
speed = 25
kilometrage = 50
faulty = 0
location = (r3,50)
type = bike

[vehicle_report]
id = v7
time = 2
speed = 21
kilometrage = 42
faulty = 0
location = (r2,42)
type = bike

[junction_report]
id = j1
time = 3
queues = (r1,green,[]),(r8,red,[])

[junction_report]
id = j2
time = 3
queues = (r3,green:1,[])
type = rr

[junction_report]
id = j3
time = 3
queues = (r2,green:3,[]),(r6,red,[])
type = rr

[junction_report]
id = j4
time = 3
queues = (r4,green,[])

[junction_report]
id = j5
time = 3
queues = (r5,green,[])

[junction_report]
id = j6
time = 3
queues = (r7,green:1,[])
type = rr

[road_report]
id = r1
time = 3
state = 
type = dirt

[road_report]
id = r2
time = 3
state = (v5,63),(v7,63),(v2,60),(v1,42),(v4,21)
type = lanes

[road_report]
id = r3
time = 3
state = (v6,75)
type = lanes

[road_report]
id = r4
time = 3
state = 

[road_report]
id = r5
time = 3
state = (v8,50)

[road_report]
id = r6
time = 3
state = 

[road_report]
id = r7
time = 3
state = 
type = dirt

[road_report]
id = r8
time = 3
state = 
type = lanes

[vehicle_report]
id = v1
time = 3
speed = 0
kilometrage = 42
faulty = 2
location = (r2,42)

[vehicle_report]
id = v2
time = 3
speed = 20
kilometrage = 60
faulty = 0
location = (r2,60)
type = bike

[vehicle_report]
id = v4
time = 3
speed = 0
kilometrage = 21
faulty = 1
location = (r2,21)
type = car

[vehicle_report]
id = v5
time = 3
speed = 21
kilometrage = 63
faulty = 0
location = (r2,63)
type = car

[vehicle_report]
id = v6
time = 3
speed = 25
kilometrage = 75
faulty = 0
location = (r3,75)
type = bike

[vehicle_report]
id = v7
time = 3
speed = 21
kilometrage = 63
faulty = 0
location = (r2,63)
type = bike

[vehicle_report]
id = v8
time = 3
speed = 50
kilometrage = 50
faulty = 0
location = (r5,50)

[junction_report]
id = j1
time = 4
queues = (r1,red,[]),(r8,green,[])

[junction_report]
id = j2
time = 4
queues = (r3,green:1,[])
type = rr

[junction_report]
id = j3
time = 4
queues = (r2,green:2,[]),(r6,red,[])
type = rr

[junction_report]
id = j4
time = 4
queues = (r4,green,[])

[junction_report]
id = j5
time = 4
queues = (r5,green,[])

[junction_report]
id = j6
time = 4
queues = (r7,green:2,[])
type = rr

[road_report]
id = r1
time = 4
state = 
type = dirt

[road_report]
id = r2
time = 4
state = (v5,84),(v7,84),(v2,80),(v1,42),(v4,21)
type = lanes

[road_report]
id = r3
time = 4
state = (v6,100)
type = lanes

[road_report]
id = r4
time = 4
state = 

[road_report]
id = r5
time = 4
state = (v8,100)

[road_report]
id = r6
time = 4
state = 

[road_report]
id = r7
time = 4
state = 
type = dirt

[road_report]
id = r8
time = 4
state = 
type = lanes

[vehicle_report]
id = v1
time = 4
speed = 0
kilometrage = 42
faulty = 1
location = (r2,42)

[vehicle_report]
id = v2
time = 4
speed = 20
kilometrage = 80
faulty = 0
location = (r2,80)
type = bike

[vehicle_report]
id = v4
time = 4
speed = 0
kilometrage = 21
faulty = 0
location = (r2,21)
type = car

[vehicle_report]
id = v5
time = 4
speed = 21
kilometrage = 84
faulty = 0
location = (r2,84)
type = car

[vehicle_report]
id = v6
time = 4
speed = 25
kilometrage = 100
faulty = 0
location = (r3,100)
type = bike

[vehicle_report]
id = v7
time = 4
speed = 21
kilometrage = 84
faulty = 0
location = (r2,84)
type = bike

[vehicle_report]
id = v8
time = 4
speed = 50
kilometrage = 100
faulty = 0
location = (r5,100)

[junction_report]
id = j1
time = 5
queues = (r1,green,[]),(r8,red,[])

[junction_report]
id = j2
time = 5
queues = (r3,green:1,[])
type = rr

[junction_report]
id = j3
time = 5
queues = (r2,green:1,[]),(r6,red,[])
type = rr

[junction_report]
id = j4
time = 5
queues = (r4,green,[])

[junction_report]
id = j5
time = 5
queues = (r5,green,[])

[junction_report]
id = j6
time = 5
queues = (r7,green:1,[])
type = rr

[road_report]
id = r1
time = 5
state = 
type = dirt

[road_report]
id = r2
time = 5
state = (v5,105),(v7,105),(v2,100),(v1,42),(v4,42)
type = lanes

[road_report]
id = r3
time = 5
state = (v6,125)
type = lanes

[road_report]
id = r4
time = 5
state = 

[road_report]
id = r5
time = 5
state = (v8,150)

[road_report]
id = r6
time = 5
state = 

[road_report]
id = r7
time = 5
state = 
type = dirt

[road_report]
id = r8
time = 5
state = 
type = lanes

[vehicle_report]
id = v1
time = 5
speed = 0
kilometrage = 42
faulty = 0
location = (r2,42)

[vehicle_report]
id = v2
time = 5
speed = 20
kilometrage = 100
faulty = 0
location = (r2,100)
type = bike

[vehicle_report]
id = v4
time = 5
speed = 21
kilometrage = 42
faulty = 0
location = (r2,42)
type = car

[vehicle_report]
id = v5
time = 5
speed = 21
kilometrage = 105
faulty = 0
location = (r2,105)
type = car

[vehicle_report]
id = v6
time = 5
speed = 25
kilometrage = 125
faulty = 0
location = (r3,125)
type = bike

[vehicle_report]
id = v7
time = 5
speed = 21
kilometrage = 105
faulty = 0
location = (r2,105)
type = bike

[vehicle_report]
id = v8
time = 5
speed = 50
kilometrage = 150
faulty = 0
location = (r5,150)

[junction_report]
id = j1
time = 6
queues = (r1,red,[]),(r8,green,[])

[junction_report]
id = j2
time = 6
queues = (r3,green:1,[])
type = rr

[junction_report]
id = j3
time = 6
queues = (r2,red,[]),(r6,green:5,[])
type = rr

[junction_report]
id = j4
time = 6
queues = (r4,green,[])

[junction_report]
id = j5
time = 6
queues = (r5,green,[])

[junction_report]
id = j6
time = 6
queues = (r7,green:1,[])
type = rr

[road_report]
id = r1
time = 6
state = 
type = dirt

[road_report]
id = r2
time = 6
state = (v5,126),(v7,126),(v2,120),(v1,63),(v4,63)
type = lanes

[road_report]
id = r3
time = 6
state = (v6,150)
type = lanes

[road_report]
id = r4
time = 6
state = 

[road_report]
id = r5
time = 6
state = (v8,200)

[road_report]
id = r6
time = 6
state = 

[road_report]
id = r7
time = 6
state = 
type = dirt

[road_report]
id = r8
time = 6
state = 
type = lanes

[vehicle_report]
id = v1
time = 6
speed = 21
kilometrage = 63
faulty = 0
location = (r2,63)

[vehicle_report]
id = v2
time = 6
speed = 20
kilometrage = 120
faulty = 0
location = (r2,120)
type = bike

[vehicle_report]
id = v4
time = 6
speed = 21
kilometrage = 63
faulty = 0
location = (r2,63)
type = car

[vehicle_report]
id = v5
time = 6
speed = 21
kilometrage = 126
faulty = 0
location = (r2,126)
type = car

[vehicle_report]
id = v6
time = 6
speed = 25
kilometrage = 150
faulty = 0
location = (r3,150)
type = bike

[vehicle_report]
id = v7
time = 6
speed = 21
kilometrage = 126
faulty = 0
location = (r2,126)
type = bike

[vehicle_report]
id = v8
time = 6
speed = 50
kilometrage = 200
faulty = 0
location = (r5,200)

[junction_report]
id = j1
time = 7
queues = (r1,green,[]),(r8,red,[])

[junction_report]
id = j2
time = 7
queues = (r3,green:1,[])
type = rr

[junction_report]
id = j3
time = 7
queues = (r2,red,[]),(r6,green:4,[])
type = rr

[junction_report]
id = j4
time = 7
queues = (r4,green,[])

[junction_report]
id = j5
time = 7
queues = (r5,green,[])

[junction_report]
id = j6
time = 7
queues = (r7,green:1,[])
type = rr

[road_report]
id = r1
time = 7
state = 
type = dirt

[road_report]
id = r2
time = 7
state = (v5,143),(v2,137),(v7,126),(v1,80),(v4,63),(v3,17)
type = lanes

[road_report]
id = r3
time = 7
state = (v6,175)
type = lanes

[road_report]
id = r4
time = 7
state = 

[road_report]
id = r5
time = 7
state = 

[road_report]
id = r6
time = 7
state = (v8,0)

[road_report]
id = r7
time = 7
state = 
type = dirt

[road_report]
id = r8
time = 7
state = 
type = lanes

[vehicle_report]
id = v1
time = 7
speed = 17
kilometrage = 80
faulty = 0
location = (r2,80)

[vehicle_report]
id = v2
time = 7
speed = 17
kilometrage = 137
faulty = 0
location = (r2,137)
type = bike

[vehicle_report]
id = v4
time = 7
speed = 0
kilometrage = 63
faulty = 4
location = (r2,63)
type = car

[vehicle_report]
id = v5
time = 7
speed = 17
kilometrage = 143
faulty = 0
location = (r2,143)
type = car

[vehicle_report]
id = v6
time = 7
speed = 25
kilometrage = 175
faulty = 0
location = (r3,175)
type = bike

[vehicle_report]
id = v7
time = 7
speed = 0
kilometrage = 126
faulty = 3
location = (r2,126)
type = bike

[vehicle_report]
id = v8
time = 7
speed = 0
kilometrage = 250
faulty = 0
location = (r6,0)

[vehicle_report]
id = v3
time = 7
speed = 17
kilometrage = 17
faulty = 0
location = (r2,17)
type = car

[junction_report]
id = j1
time = 8
queues = (r1,red,[]),(r8,green,[])

[junction_report]
id = j2
time = 8
queues = (r3,green:1,[])
type = rr

[junction_report]
id = j3
time = 8
queues = (r2,red,[v2]),(r6,green:3,[])
type = rr

[junction_report]
id = j4
time = 8
queues = (r4,green,[])

[junction_report]
id = j5
time = 8
queues = (r5,green,[])

[junction_report]
id = j6
time = 8
queues = (r7,green:1,[])
type = rr

[road_report]
id = r1
time = 8
state = 
type = dirt

[road_report]
id = r2
time = 8
state = (v2,150),(v5,143),(v7,126),(v1,97),(v4,63),(v3,25)
type = lanes

[road_report]
id = r3
time = 8
state = (v6,200)
type = lanes

[road_report]
id = r4
time = 8
state = 

[road_report]
id = r5
time = 8
state = 

[road_report]
id = r6
time = 8
state = (v8,25)

[road_report]
id = r7
time = 8
state = 
type = dirt

[road_report]
id = r8
time = 8
state = 
type = lanes

[vehicle_report]
id = v1
time = 8
speed = 17
kilometrage = 97
faulty = 0
location = (r2,97)

[vehicle_report]
id = v2
time = 8
speed = 0
kilometrage = 150
faulty = 0
location = (r2,150)
type = bike

[vehicle_report]
id = v4
time = 8
speed = 0
kilometrage = 63
faulty = 3
location = (r2,63)
type = car

[vehicle_report]
id = v5
time = 8
speed = 0
kilometrage = 143
faulty = 1
location = (r2,143)
type = car

[vehicle_report]
id = v6
time = 8
speed = 25
kilometrage = 200
faulty = 0
location = (r3,200)
type = bike

[vehicle_report]
id = v7
time = 8
speed = 0
kilometrage = 126
faulty = 2
location = (r2,126)
type = bike

[vehicle_report]
id = v8
time = 8
speed = 25
kilometrage = 275
faulty = 0
location = (r6,25)

[vehicle_report]
id = v3
time = 8
speed = 8
kilometrage = 25
faulty = 0
location = (r2,25)
type = car

[junction_report]
id = j1
time = 9
queues = (r1,green,[]),(r8,red,[])

[junction_report]
id = j2
time = 9
queues = (r3,green:1,[])
type = rr

[junction_report]
id = j3
time = 9
queues = (r2,red,[v2]),(r6,green:2,[])
type = rr

[junction_report]
id = j4
time = 9
queues = (r4,green,[])

[junction_report]
id = j5
time = 9
queues = (r5,green,[])

[junction_report]
id = j6
time = 9
queues = (r7,green:1,[])
type = rr

[road_report]
id = r1
time = 9
state = 
type = dirt

[road_report]
id = r2
time = 9
state = (v2,150),(v5,143),(v7,126),(v1,105),(v4,63),(v3,33)
type = lanes

[road_report]
id = r3
time = 9
state = (v6,225)
type = lanes

[road_report]
id = r4
time = 9
state = 

[road_report]
id = r5
time = 9
state = 

[road_report]
id = r6
time = 9
state = (v8,50)

[road_report]
id = r7
time = 9
state = 
type = dirt

[road_report]
id = r8
time = 9
state = 
type = lanes

[vehicle_report]
id = v1
time = 9
speed = 8
kilometrage = 105
faulty = 0
location = (r2,105)

[vehicle_report]
id = v2
time = 9
speed = 0
kilometrage = 150
faulty = 0
location = (r2,150)
type = bike

[vehicle_report]
id = v4
time = 9
speed = 0
kilometrage = 63
faulty = 2
location = (r2,63)
type = car

[vehicle_report]
id = v5
time = 9
speed = 0
kilometrage = 143
faulty = 0
location = (r2,143)
type = car

[vehicle_report]
id = v6
time = 9
speed = 25
kilometrage = 225
faulty = 0
location = (r3,225)
type = bike

[vehicle_report]
id = v7
time = 9
speed = 0
kilometrage = 126
faulty = 1
location = (r2,126)
type = bike

[vehicle_report]
id = v8
time = 9
speed = 25
kilometrage = 300
faulty = 0
location = (r6,50)

[vehicle_report]
id = v3
time = 9
speed = 8
kilometrage = 33
faulty = 0
location = (r2,33)
type = car

[junction_report]
id = j1
time = 10
queues = (r1,red,[]),(r8,green,[])

[junction_report]
id = j2
time = 10
queues = (r3,green:1,[])
type = rr

[junction_report]
id = j3
time = 10
queues = (r2,red,[v2,v5]),(r6,green:1,[])
type = rr

[junction_report]
id = j4
time = 10
queues = (r4,green,[])

[junction_report]
id = j5
time = 10
queues = (r5,green,[])

[junction_report]
id = j6
time = 10
queues = (r7,green:1,[])
type = rr

[road_report]
id = r1
time = 10
state = 
type = dirt

[road_report]
id = r2
time = 10
state = (v2,150),(v5,150),(v7,126),(v1,122),(v4,63),(v3,33)
type = lanes

[road_report]
id = r3
time = 10
state = (v6,250)
type = lanes

[road_report]
id = r4
time = 10
state = 

[road_report]
id = r5
time = 10
state = 

[road_report]
id = r6
time = 10
state = (v8,75)

[road_report]
id = r7
time = 10
state = 
type = dirt

[road_report]
id = r8
time = 10
state = 
type = lanes

[vehicle_report]
id = v1
time = 10
speed = 17
kilometrage = 122
faulty = 0
location = (r2,122)

[vehicle_report]
id = v2
time = 10
speed = 0
kilometrage = 150
faulty = 0
location = (r2,150)
type = bike

[vehicle_report]
id = v4
time = 10
speed = 0
kilometrage = 63
faulty = 1
location = (r2,63)
type = car

[vehicle_report]
id = v5
time = 10
speed = 0
kilometrage = 150
faulty = 0
location = (r2,150)
type = car

[vehicle_report]
id = v6
time = 10
speed = 25
kilometrage = 250
faulty = 0
location = (r3,250)
type = bike

[vehicle_report]
id = v7
time = 10
speed = 0
kilometrage = 126
faulty = 0
location = (r2,126)
type = bike

[vehicle_report]
id = v8
time = 10
speed = 25
kilometrage = 325
faulty = 0
location = (r6,75)

[vehicle_report]
id = v3
time = 10
speed = 0
kilometrage = 33
faulty = 2
location = (r2,33)
type = car

